Removed Pin From Net: NetName=GND Pin=C?-1
Removed Pin From Net: NetName=3V3 Pin=C?-2
Removed Member From Class: ClassName=IRIS2_PCB_FrontPlate Member=C?
Change Component Designator: OldDesignator=D? NewDesignator=D2
Change Component Designator: OldDesignator=D? NewDesignator=D3
Change Component Designator: OldDesignator=D? NewDesignator=D4
Change Component Designator: OldDesignator=D? NewDesignator=D5
Change Component Designator: OldDesignator=P? NewDesignator=P1
Change Component Designator: OldDesignator=P? NewDesignator=P2
Change Component Designator: OldDesignator=P? NewDesignator=P3
Change Component Designator: OldDesignator=P? NewDesignator=P4
Change Component Designator: OldDesignator=P? NewDesignator=P5
Change Component Designator: OldDesignator=P? NewDesignator=P6
Change Component Designator: OldDesignator=P? NewDesignator=P7
Change Component Designator: OldDesignator=P? NewDesignator=P8
Change Component Designator: OldDesignator=R? NewDesignator=R1
Change Component Designator: OldDesignator=R? NewDesignator=R2
Change Component Designator: OldDesignator=R? NewDesignator=R3
Change Component Designator: OldDesignator=R? NewDesignator=R4
Change Component Designator: OldDesignator=R? NewDesignator=R5
Change Component Designator: OldDesignator=R? NewDesignator=R6
Change Component Designator: OldDesignator=R? NewDesignator=R7
Change Component Designator: OldDesignator=R? NewDesignator=R8
Change Component Designator: OldDesignator=R? NewDesignator=R9
Change Component Designator: OldDesignator=R? NewDesignator=R10
Change Component Designator: OldDesignator=R? NewDesignator=R11
Change Component Designator: OldDesignator=R? NewDesignator=R12
Added Component: Designator=C1(0402)
Add component (AddParameter): Name = "LatestRevisionDate"; Value = "17-Jul-2002"; VariantName = "[No Variations]"
Add component (AddParameter): Name = "LatestRevisionNote"; Value = "Re-released for DXP Platform."; VariantName = "[No Variations]"
Add component (AddParameter): Name = "Manufacturer"; Value = "Murata"; VariantName = "[No Variations]"
Add component (AddParameter): Name = "PackageDescription"; Value = "Radial Cap, Thru-Hole; 2 Leads; 0.3 in Pin Spacing"; VariantName = "[No Variations]"
Add component (AddParameter): Name = "PackageReference"; Value = "RAD-0.3"; VariantName = "[No Variations]"
Add component (AddParameter): Name = "Published"; Value = "8-Jun-2000"; VariantName = "[No Variations]"
Add component (AddParameter): Name = "Publisher"; Value = "Altium Limited"; VariantName = "[No Variations]"
Add component (AddParameter): Name = "Reference"; Value = "GCM155R71C104KA55D"; VariantName = "[No Variations]"
Add component (AddParameter): Name = "Value"; Value = "100nF"; VariantName = "[No Variations]"
Added Component: Designator=S1(CS12ANW03)
Add component (AddParameter): Name = "Manufacturer"; Value = "NKK Switches"; VariantName = "[No Variations]"
Add component (AddParameter): Name = "Reference"; Value = "CS12ANW03"; VariantName = "[No Variations]"
Added Pin To Net: NetName=3V3 Pin=C1-1
Added Pin To Net: NetName=GND Pin=C1-2
Added Pin To Net: NetName=V_in Pin=S1-1
Added Pin To Net: NetName=V_batt Pin=S1-2
Change Net Name : Old Net Name=NetD?_1 New Net Name=NetD3_1
Change Net Name : Old Net Name=NetD?_2 New Net Name=NetD3_2
Change Net Name : Old Net Name=NetP?_8 New Net Name=NetP8_8
Change Net Name : Old Net Name=NetR?_1 New Net Name=NetR5_1
Added Pin To Net: NetName=NetD1_1 Pin=R3-2
Added Net: Name=NetD1_1
Added Pin To Net: NetName=NetD1_2 Pin=R1-2
Added Net: Name=NetD1_2
Added Pin To Net: NetName=NetD1_3 Pin=R2-1
Added Net: Name=NetD1_3
Added Pin To Net: NetName=NetD4_1 Pin=D4-1
Added Pin To Net: NetName=NetD4_1 Pin=D5-1
Added Net: Name=NetD4_1
Added Pin To Net: NetName=NetD4_2 Pin=D4-2
Added Pin To Net: NetName=NetD4_2 Pin=R4-1
Added Net: Name=NetD4_2
Added Member To Class: ClassName=IRIS2_PCB_FrontPlate Member=Component C1 16V
Added Member To Class: ClassName=IRIS2_PCB_FrontPlate Member=Component D2 Diode 1N5400
Added Member To Class: ClassName=IRIS2_PCB_FrontPlate Member=Component D3 D Zener
Added Member To Class: ClassName=IRIS2_PCB_FrontPlate Member=Component D5 D Zener
Added Member To Class: ClassName=IRIS2_PCB_FrontPlate Member=Component P1 Picoblade 10
Added Member To Class: ClassName=IRIS2_PCB_FrontPlate Member=Component P2 Picoblade 4
Added Member To Class: ClassName=IRIS2_PCB_FrontPlate Member=Component P3 Picoblade 4
Added Member To Class: ClassName=IRIS2_PCB_FrontPlate Member=Component P4 Picoblade 10
Added Member To Class: ClassName=IRIS2_PCB_FrontPlate Member=Component P6 DB15 Female
Added Member To Class: ClassName=IRIS2_PCB_FrontPlate Member=Component P7 DB9 Male
Added Member To Class: ClassName=IRIS2_PCB_FrontPlate Member=Component P8 DB9 Female
Added Member To Class: ClassName=IRIS2_PCB_FrontPlate Member=Component R1 Res1
Added Member To Class: ClassName=IRIS2_PCB_FrontPlate Member=Component R3 Res1
Added Member To Class: ClassName=IRIS2_PCB_FrontPlate Member=Component R4 Res2
Added Member To Class: ClassName=IRIS2_PCB_FrontPlate Member=Component R5 Res2
Added Member To Class: ClassName=IRIS2_PCB_FrontPlate Member=Component R6 Res2
Added Member To Class: ClassName=IRIS2_PCB_FrontPlate Member=Component R7 Res2
Added Member To Class: ClassName=IRIS2_PCB_FrontPlate Member=Component R8 Res2
Added Member To Class: ClassName=IRIS2_PCB_FrontPlate Member=Component R9 Res2
Added Member To Class: ClassName=IRIS2_PCB_FrontPlate Member=Component R10 Res2
Added Member To Class: ClassName=IRIS2_PCB_FrontPlate Member=Component R11 Res2
Added Member To Class: ClassName=IRIS2_PCB_FrontPlate Member=Component R12 Res2
Added Member To Class: ClassName=IRIS2_PCB_FrontPlate Member=Component S1 SW-SPST
