Removed Pin From Net: NetName=NetD?_1 Pin=D?-1
Removed Pin From Net: NetName=Video Signal 01 Pin=P?-1
Removed Pin From Net: NetName=Video GND 01 Pin=P?-2
Removed Pin From Net: NetName=Video GND 01 Pin=P?-2
Removed Pin From Net: NetName=Video GND 01 Pin=P?-2
Removed Pin From Net: NetName=Video Signal 02 Pin=P?-3
Removed Pin From Net: NetName=Video GND 02 Pin=P?-4
Removed Pin From Net: NetName=Video Signal 03 Pin=P?-5
Removed Pin From Net: NetName=Video GND 03 Pin=P?-6
Removed Pin From Net: NetName=Video Signal 04 Pin=P?-7
Removed Pin From Net: NetName=Video GND 04 Pin=P?-8
Removed Pin From Net: NetName=LED B Pin=P?-9
Removed Pin From Net: NetName=NetD?_1 Pin=R?-2
Change Component Footprint: Designator=P? Old Footprint=DB15 Female 191-015-213 New Footprint=DB9 Female 191-009-213
Added Component: Designator=P?(53047-0410)
Add component (AddParameter): Name = "LatestRevisionDate"; Value = "17-Jul-2002"; VariantName = "[No Variations]"
Add component (AddParameter): Name = "LatestRevisionNote"; Value = "Re-released for DXP Platform."; VariantName = "[No Variations]"
Add component (AddParameter): Name = "Manufacturer"; Value = "Molex"; VariantName = "[No Variations]"
Add component (AddParameter): Name = "Publisher"; Value = "Altium Limited"; VariantName = "[No Variations]"
Add component (AddParameter): Name = "Reference"; Value = "0530470410"; VariantName = "[No Variations]"
Added Component: Designator=P?(53047-1010)
Add component (AddParameter): Name = "Manufacturer"; Value = "Molex"; VariantName = "[No Variations]"
Add component (AddParameter): Name = "Reference"; Value = "530471010"; VariantName = "[No Variations]"
Added Component: Designator=P?(53047-0810)
Add component (AddParameter): Name = "Manufacturer"; Value = "Molex"; VariantName = "[No Variations]"
Add component (AddParameter): Name = "Reference"; Value = "0530470810"; VariantName = "[No Variations]"
Added Component: Designator=P?(53047-1010)
Add component (AddParameter): Name = "Manufacturer"; Value = "Molex"; VariantName = "[No Variations]"
Add component (AddParameter): Name = "Reference"; Value = "530471010"; VariantName = "[No Variations]"
Added Component: Designator=P?(53047-0410)
Add component (AddParameter): Name = "LatestRevisionDate"; Value = "17-Jul-2002"; VariantName = "[No Variations]"
Add component (AddParameter): Name = "LatestRevisionNote"; Value = "Re-released for DXP Platform."; VariantName = "[No Variations]"
Add component (AddParameter): Name = "Manufacturer"; Value = "Molex"; VariantName = "[No Variations]"
Add component (AddParameter): Name = "Publisher"; Value = "Altium Limited"; VariantName = "[No Variations]"
Add component (AddParameter): Name = "Reference"; Value = "0530470410"; VariantName = "[No Variations]"
Added Pin To Net: NetName=NetD?_1 Pin=D?-1
Added Pin To Net: NetName=Batt_Cell_01 Pin=P?-1
Added Pin To Net: NetName=GND Pin=P?-1
Added Pin To Net: NetName=GND Pin=P?-1
Added Pin To Net: NetName=GND Pin=P?-1
Added Pin To Net: NetName=GND Pin=P?-1
Added Pin To Net: NetName=NetD?_1 Pin=P?-1
Added Pin To Net: NetName=Video Signal 01 Pin=P?-1
Added Pin To Net: NetName=Batt_Cell_01 Pin=P?-2
Added Pin To Net: NetName=Batt_Cell_02 Pin=P?-2
Added Pin To Net: NetName=Batt_Cell_02 Pin=P?-2
Added Pin To Net: NetName=Batt_Cell_02 Pin=P?-2
Added Pin To Net: NetName=GND Pin=P?-2
Added Pin To Net: NetName=GND Pin=P?-2
Added Pin To Net: NetName=NetD?_1 Pin=P?-2
Added Pin To Net: NetName=NetD?_1 Pin=P?-2
Added Pin To Net: NetName=NetD?_1 Pin=P?-2
Added Pin To Net: NetName=UART Tx Pin=P?-2
Added Pin To Net: NetName=Video GND 01 Pin=P?-2
Added Pin To Net: NetName=Batt_Cell_02 Pin=P?-3
Added Pin To Net: NetName=Batt_Cell_03 Pin=P?-3
Added Pin To Net: NetName=UART Rx Pin=P?-3
Added Pin To Net: NetName=V_batt Pin=P?-3
Added Pin To Net: NetName=V_in Pin=P?-3
Added Pin To Net: NetName=Video Signal 02 Pin=P?-3
Added Pin To Net: NetName=3V3 Pin=P?-4
Added Pin To Net: NetName=Batt_Cell_03 Pin=P?-4
Added Pin To Net: NetName=Batt_Cell_04 Pin=P?-4
Added Pin To Net: NetName=V_batt Pin=P?-4
Added Pin To Net: NetName=V_in Pin=P?-4
Added Pin To Net: NetName=Video GND 02 Pin=P?-4
Added Pin To Net: NetName=Batt_Cell_04 Pin=P?-5
Added Pin To Net: NetName=Batt_Cell_05 Pin=P?-5
Added Pin To Net: NetName=SBWTDIO Pin=P?-5
Added Pin To Net: NetName=Video Signal 03 Pin=P?-5
Added Pin To Net: NetName=Batt_Cell_05 Pin=P?-6
Added Pin To Net: NetName=Batt_Cell_06 Pin=P?-6
Added Pin To Net: NetName=SBWTCK Pin=P?-6
Added Pin To Net: NetName=Video GND 03 Pin=P?-6
Added Pin To Net: NetName=Batt_Cell_06 Pin=P?-7
Added Pin To Net: NetName=Batt_Cell_07 Pin=P?-7
Added Pin To Net: NetName=LED R Pin=P?-7
Added Pin To Net: NetName=Video Signal 04 Pin=P?-7
Added Pin To Net: NetName=Batt_Cell_07 Pin=P?-8
Added Pin To Net: NetName=Batt_Cell_08 Pin=P?-8
Added Pin To Net: NetName=LED G Pin=P?-8
Added Pin To Net: NetName=Video GND 04 Pin=P?-8
Added Pin To Net: NetName=Batt_Cell_08 Pin=P?-9
Added Pin To Net: NetName=GND Pin=P?-9
Added Pin To Net: NetName=LED B Pin=P?-9
Added Pin To Net: NetName=Sunrise_CMD Pin=P?-10
Added Pin To Net: NetName=NetD?_1 Pin=R?-2
Added Pin To Net: NetName=NetD?_1 Pin=R?-2
Added Pin To Net: NetName=NetD?_1 Pin=R?-2
Added Member To Class: ClassName=IRIS2_PCB_FrontPlate Member=Component D? LED2
Added Member To Class: ClassName=IRIS2_PCB_FrontPlate Member=Component D? RGB LED
Added Member To Class: ClassName=IRIS2_PCB_FrontPlate Member=Component D? D Zener
Added Member To Class: ClassName=IRIS2_PCB_FrontPlate Member=Component D? Diode 1N5400
Added Member To Class: ClassName=IRIS2_PCB_FrontPlate Member=Component P? DB9 Male
Added Member To Class: ClassName=IRIS2_PCB_FrontPlate Member=Component P? Picoblade 4
Added Member To Class: ClassName=IRIS2_PCB_FrontPlate Member=Component P? Picoblade 10
Added Member To Class: ClassName=IRIS2_PCB_FrontPlate Member=Component P? Picoblade 10
Added Member To Class: ClassName=IRIS2_PCB_FrontPlate Member=Component P? DB15 Female
Added Member To Class: ClassName=IRIS2_PCB_FrontPlate Member=Component P? Picoblade 4
Added Member To Class: ClassName=IRIS2_PCB_FrontPlate Member=Component P? DB9 Female
Added Member To Class: ClassName=IRIS2_PCB_FrontPlate Member=Component R? Res2
Added Member To Class: ClassName=IRIS2_PCB_FrontPlate Member=Component R? Res2
Added Member To Class: ClassName=IRIS2_PCB_FrontPlate Member=Component R? Res1
Added Member To Class: ClassName=IRIS2_PCB_FrontPlate Member=Component R? Res2
Added Member To Class: ClassName=IRIS2_PCB_FrontPlate Member=Component R? Res2
Added Member To Class: ClassName=IRIS2_PCB_FrontPlate Member=Component R? Res2
Added Member To Class: ClassName=IRIS2_PCB_FrontPlate Member=Component R? Res2
Added Member To Class: ClassName=IRIS2_PCB_FrontPlate Member=Component R? Res1
Added Member To Class: ClassName=IRIS2_PCB_FrontPlate Member=Component R? Res2
Added Member To Class: ClassName=IRIS2_PCB_FrontPlate Member=Component R? Res2
Added Member To Class: ClassName=IRIS2_PCB_FrontPlate Member=Component R? Res1
