Removed Pin From Net: NetName=NetP8_8 Pin=R7-1
Removed Pin From Net: NetName=NetP8_8 Pin=R8-1
Removed Pin From Net: NetName=NetP8_8 Pin=R9-1
Removed Pin From Net: NetName=NetP8_8 Pin=R10-1
Removed Pin From Net: NetName=NetP8_8 Pin=R11-1
Removed Pin From Net: NetName=NetP8_8 Pin=R12-1
Removed Member From Class: ClassName=IRIS2_PCB_FrontPlate Member=D3
Removed Member From Class: ClassName=IRIS2_PCB_FrontPlate Member=D4
Removed Member From Class: ClassName=IRIS2_PCB_FrontPlate Member=D5
Removed Member From Class: ClassName=IRIS2_PCB_FrontPlate Member=R7
Removed Member From Class: ClassName=IRIS2_PCB_FrontPlate Member=R8
Removed Member From Class: ClassName=IRIS2_PCB_FrontPlate Member=R9
Removed Member From Class: ClassName=IRIS2_PCB_FrontPlate Member=R10
Removed Member From Class: ClassName=IRIS2_PCB_FrontPlate Member=R11
Removed Member From Class: ClassName=IRIS2_PCB_FrontPlate Member=R12
Change Component Footprint: Designator=P8 Old Footprint=DB9 Male 191-009-113L551 New Footprint=DB9 Male 621-009-668-032
Change Component Footprint: Designator=D2 Old Footprint=DO-201AD New Footprint=SMC
Change Component Comment : Designator=P8 Old Comment=DB9 Female New Comment=DB9 Male
Change Component Comment : Designator=P7 Old Comment=DB9 Male New Comment=DB9 Female
Change Component Comment : Designator=D2 Old Comment=Diode 1N5400 New Comment=Diode
Change Component Designator: OldDesignator=R7 NewDesignator=R4
Change Component Designator: OldDesignator=R8 NewDesignator=R5
Change component parameters: Designator = "P8" ("P8"); Footprint = "DB9 Male 191-009-113L551"; UniqueID = "\HIRKBNRJ" ("\HIRKBNRJ")
Change component parameters (AddParameter): Name = "Manufacturer"; Value = "EDAC"; VariantName = "[No Variations]"
Change component parameters (AddParameter): Name = "Reference"; Value = "621-009-668-032"; VariantName = "[No Variations]"
Change component parameters: Designator = "R6" ("R6"); Footprint = "C1210_M"; UniqueID = "\UREYACIH" ("\UREYACIH")
Change component parameters (AddParameter): Name = "Foot"; Value = "1210/3225"; VariantName = "[No Variations]"
Change component parameters (AddParameter): Name = "Manufacturer"; Value = ""; VariantName = "[No Variations]"
Change component parameters (AddParameter): Name = "Reference"; Value = ""; VariantName = "[No Variations]"
Change component parameters (AddParameter): Name = "Value"; Value = "DNP"; VariantName = "[No Variations]"
Change component parameters: Designator = "R7" ("R4"); Footprint = "C1210_M"; UniqueID = "\BCOHLDEP" ("\BCOHLDEP")
Change component parameters (AddParameter): Name = "Foot"; Value = "1210/3225"; VariantName = "[No Variations]"
Change component parameters (AddParameter): Name = "Manufacturer"; Value = "TE Connectivity"; VariantName = "[No Variations]"
Change component parameters (AddParameter): Name = "Reference"; Value = "CRGP1210F2K7"; VariantName = "[No Variations]"
Change component parameters (AddParameter): Name = "Value"; Value = "2K7"; VariantName = "[No Variations]"
Change component parameters: Designator = "R8" ("R5"); Footprint = "C1210_M"; UniqueID = "\ZKLQIICW" ("\ZKLQIICW")
Change component parameters (AddParameter): Name = "Foot"; Value = "1210/3225"; VariantName = "[No Variations]"
Change component parameters (AddParameter): Name = "Manufacturer"; Value = ""; VariantName = "[No Variations]"
Change component parameters (AddParameter): Name = "Reference"; Value = ""; VariantName = "[No Variations]"
Change component parameters (AddParameter): Name = "Value"; Value = "DNP"; VariantName = "[No Variations]"
Change component parameters: Designator = "D2" ("D2"); Footprint = "DO-201AD"; UniqueID = "\CDUTKCAW" ("\CDUTKCAW")
Change component parameters (AddParameter): Name = "Code_JEDEC"; Value = "DO-214-AB"; VariantName = "[No Variations]"
Change component parameters (AddParameter): Name = "LatestRevisionDate"; Value = "17-Jul-2002"; VariantName = "[No Variations]"
Change component parameters (AddParameter): Name = "LatestRevisionNote"; Value = "Re-released for DXP Platform."; VariantName = "[No Variations]"
Change component parameters (AddParameter): Name = "PackageDescription"; Value = "DO-214-AB/SMC; 2 C-Bend Leads; Body 7.9 x 5.9 mm, inc. leads (LxW)"; VariantName = "[No Variations]"
Change component parameters (AddParameter): Name = "PackageReference"; Value = "SMC"; VariantName = "[No Variations]"
Change component parameters (AddParameter): Name = "PackageVersion"; Value = "Sep-1996"; VariantName = "[No Variations]"
Change component parameters (AddParameter): Name = "Published"; Value = "8-Jun-2000"; VariantName = "[No Variations]"
Change component parameters (AddParameter): Name = "Publisher"; Value = "Altium Limited"; VariantName = "[No Variations]"
Added Pin To Net: NetName=NetP8_8 Pin=R6-2
Added Pin To Net: NetName=NetP8_1 Pin=P8-1
Added Pin To Net: NetName=NetP8_1 Pin=P8-2
Added Pin To Net: NetName=NetP8_1 Pin=P8-2
Added Pin To Net: NetName=NetP8_1 Pin=P8-2
Added Pin To Net: NetName=NetP8_1 Pin=R4-1
Added Pin To Net: NetName=NetP8_1 Pin=R5-1
Added Pin To Net: NetName=NetP8_1 Pin=R6-1
Added Net: Name=NetP8_1
Added Pin To Net: NetName=NetR4_2 Pin=R4-2
Added Pin To Net: NetName=NetR4_2 Pin=R5-2
Added Net: Name=NetR4_2
